android/app/build/intermediates/manifest_merge_blame_file/debug/processDebugMainManifest/manifest-merger-blame-debug-report.txt
1<?xml version="1.0" encoding="utf-8"?>
2<manifest xmlns:android="http://schemas.android.com/apk/res/android"
3    package="farmerconnect.appixia.co.zw.farmer_connect"
4    android:versionCode="1"
5    android:versionName="1.0.0" >
6
7    <uses-sdk
8        android:minSdkVersion="21"
9        android:targetSdkVersion="35" />
10    <!--
11         The INTERNET permission is required for development. Specifically,
12         the Flutter tool needs it to communicate with the running application
13         to allow setting breakpoints, to provide hot reload, etc.
14    -->
15    <uses-permission android:name="android.permission.INTERNET" />
15-->src\debug\AndroidManifest.xml:6:5-66
15-->src\debug\AndroidManifest.xml:6:22-64
16    <uses-permission android:name="android.permission.ACCESS_FINE_LOCATION" />
16-->src\main\AndroidManifest.xml:2:5-79
16-->src\main\AndroidManifest.xml:2:22-76
17    <uses-permission android:name="android.permission.ACCESS_COARSE_LOCATION" />
17-->src\main\AndroidManifest.xml:3:5-81
17-->src\main\AndroidManifest.xml:3:22-78
18    <uses-permission android:name="android.permission.CAMERA" />
18-->src\main\AndroidManifest.xml:4:5-65
18-->src\main\AndroidManifest.xml:4:22-62
19    <uses-permission android:name="android.permission.READ_EXTERNAL_STORAGE" />
19-->src\main\AndroidManifest.xml:5:5-80
19-->src\main\AndroidManifest.xml:5:22-77
20    <uses-permission android:name="android.permission.WRITE_EXTERNAL_STORAGE" />
20-->src\main\AndroidManifest.xml:6:5-81
20-->src\main\AndroidManifest.xml:6:22-78
21    <!--
22 Required to query activities that can process text, see:
23         https://developer.android.com/training/package-visibility and
24         https://developer.android.com/reference/android/content/Intent#ACTION_PROCESS_TEXT.
25
26         In particular, this is used by the Flutter engine in io.flutter.plugin.text.ProcessTextPlugin.
27    -->
28    <queries>
28-->src\main\AndroidManifest.xml:44:5-49:15
29        <intent>
29-->src\main\AndroidManifest.xml:45:9-48:18
30            <action android:name="android.intent.action.PROCESS_TEXT" />
30-->src\main\AndroidManifest.xml:46:13-72
30-->src\main\AndroidManifest.xml:46:21-70
31
32            <data android:mimeType="text/plain" />
32-->src\main\AndroidManifest.xml:47:13-50
32-->src\main\AndroidManifest.xml:47:19-48
33        </intent>
34        <!-- Needs to be explicitly declared on Android R+ -->
35        <package android:name="com.google.android.apps.maps" />
35-->[com.google.android.gms:play-services-maps:18.2.0] AndroidManifest.xml:33:9-64
35-->[com.google.android.gms:play-services-maps:18.2.0] AndroidManifest.xml:33:18-61
36    </queries>
37
38    <uses-permission android:name="android.permission.ACCESS_NETWORK_STATE" />
38-->[:connectivity_plus] AndroidManifest.xml:7:5-79
38-->[:connectivity_plus] AndroidManifest.xml:7:22-76
39    <uses-permission android:name="android.permission.ACCESS_WIFI_STATE" />
39-->[:network_info_plus] AndroidManifest.xml:8:5-76
39-->[:network_info_plus] AndroidManifest.xml:8:22-73
40
41    <uses-feature
41-->[com.google.android.gms:play-services-maps:18.2.0] AndroidManifest.xml:26:5-28:35
42        android:glEsVersion="0x00020000"
42-->[com.google.android.gms:play-services-maps:18.2.0] AndroidManifest.xml:27:9-41
43        android:required="true" />
43-->[com.google.android.gms:play-services-maps:18.2.0] AndroidManifest.xml:28:9-32
44
45    <uses-permission android:name="com.google.android.providers.gsf.permission.READ_GSERVICES" />
45-->[com.google.android.recaptcha:recaptcha:18.4.0] AndroidManifest.xml:9:5-98
45-->[com.google.android.recaptcha:recaptcha:18.4.0] AndroidManifest.xml:9:22-95
46
47    <permission
47-->[androidx.core:core:1.13.1] AndroidManifest.xml:22:5-24:47
48        android:name="farmerconnect.appixia.co.zw.farmer_connect.DYNAMIC_RECEIVER_NOT_EXPORTED_PERMISSION"
48-->[androidx.core:core:1.13.1] AndroidManifest.xml:23:9-81
49        android:protectionLevel="signature" />
49-->[androidx.core:core:1.13.1] AndroidManifest.xml:24:9-44
50
51    <uses-permission android:name="farmerconnect.appixia.co.zw.farmer_connect.DYNAMIC_RECEIVER_NOT_EXPORTED_PERMISSION" />
51-->[androidx.core:core:1.13.1] AndroidManifest.xml:26:5-97
51-->[androidx.core:core:1.13.1] AndroidManifest.xml:26:22-94
52
53    <application
54        android:name="android.app.Application"
55        android:appComponentFactory="androidx.core.app.CoreComponentFactory"
55-->[androidx.core:core:1.13.1] AndroidManifest.xml:28:18-86
56        android:debuggable="true"
57        android:extractNativeLibs="true"
58        android:icon="@mipmap/ic_launcher"
59        android:label="farmer_connect" >
60        <activity
61            android:name="farmerconnect.appixia.co.zw.farmer_connect.MainActivity"
62            android:configChanges="orientation|keyboardHidden|keyboard|screenSize|smallestScreenSize|locale|layoutDirection|fontScale|screenLayout|density|uiMode"
63            android:exported="true"
64            android:hardwareAccelerated="true"
65            android:launchMode="singleTop"
66            android:taskAffinity=""
67            android:theme="@style/LaunchTheme"
68            android:windowSoftInputMode="adjustResize" >
69
70            <!--
71                 Specifies an Android theme to apply to this Activity as soon as
72                 the Android process has started. This theme is visible to the user
73                 while the Flutter UI initializes. After that, this theme continues
74                 to determine the Window background behind the Flutter UI.
75            -->
76            <meta-data
77                android:name="io.flutter.embedding.android.NormalTheme"
78                android:resource="@style/NormalTheme" />
79
80            <intent-filter>
81                <action android:name="android.intent.action.MAIN" />
82
83                <category android:name="android.intent.category.LAUNCHER" />
84            </intent-filter>
85        </activity>
86        <!--
87             Don't delete the meta-data below.
88             This is used by the Flutter tool to generate GeneratedPluginRegistrant.java
89        -->
90        <meta-data
91            android:name="flutterEmbedding"
92            android:value="2" />
93
94        <service
94-->[:geolocator_android] AndroidManifest.xml:8:9-12:56
95            android:name="com.baseflow.geolocator.GeolocatorLocationService"
95-->[:geolocator_android] AndroidManifest.xml:9:13-77
96            android:enabled="true"
96-->[:geolocator_android] AndroidManifest.xml:10:13-35
97            android:exported="false"
97-->[:geolocator_android] AndroidManifest.xml:11:13-37
98            android:foregroundServiceType="location" />
98-->[:geolocator_android] AndroidManifest.xml:12:13-53
99        <service
99-->[:cloud_firestore] AndroidManifest.xml:8:9-12:19
100            android:name="com.google.firebase.components.ComponentDiscoveryService"
100-->[:cloud_firestore] AndroidManifest.xml:8:18-89
101            android:directBootAware="true"
101-->[com.google.firebase:firebase-common:20.4.3] AndroidManifest.xml:32:13-43
102            android:exported="false" >
102-->[com.google.firebase:firebase-auth:22.3.1] AndroidManifest.xml:68:13-37
103            <meta-data
103-->[:cloud_firestore] AndroidManifest.xml:9:13-11:85
104                android:name="com.google.firebase.components:io.flutter.plugins.firebase.firestore.FlutterFirebaseFirestoreRegistrar"
104-->[:cloud_firestore] AndroidManifest.xml:10:17-134
105                android:value="com.google.firebase.components.ComponentRegistrar" />
105-->[:cloud_firestore] AndroidManifest.xml:11:17-82
106            <meta-data
106-->[:firebase_auth] AndroidManifest.xml:9:13-11:85
107                android:name="com.google.firebase.components:io.flutter.plugins.firebase.auth.FlutterFirebaseAuthRegistrar"
107-->[:firebase_auth] AndroidManifest.xml:10:17-124
108                android:value="com.google.firebase.components.ComponentRegistrar" />
108-->[:firebase_auth] AndroidManifest.xml:11:17-82
109            <meta-data
109-->[:firebase_dynamic_links] AndroidManifest.xml:11:13-13:85
110                android:name="com.google.firebase.components:io.flutter.plugins.firebase.dynamiclinks.FlutterFirebaseAppRegistrar"
110-->[:firebase_dynamic_links] AndroidManifest.xml:12:17-131
111                android:value="com.google.firebase.components.ComponentRegistrar" />
111-->[:firebase_dynamic_links] AndroidManifest.xml:13:17-82
112            <meta-data
112-->[:firebase_storage] AndroidManifest.xml:9:13-11:85
113                android:name="com.google.firebase.components:io.flutter.plugins.firebase.storage.FlutterFirebaseAppRegistrar"
113-->[:firebase_storage] AndroidManifest.xml:10:17-126
114                android:value="com.google.firebase.components.ComponentRegistrar" />
114-->[:firebase_storage] AndroidManifest.xml:11:17-82
115            <meta-data
115-->[:firebase_core] AndroidManifest.xml:9:13-11:85
116                android:name="com.google.firebase.components:io.flutter.plugins.firebase.core.FlutterFirebaseCoreRegistrar"
116-->[:firebase_core] AndroidManifest.xml:10:17-124
117                android:value="com.google.firebase.components.ComponentRegistrar" />
117-->[:firebase_core] AndroidManifest.xml:11:17-82
118            <meta-data
118-->[com.google.firebase:firebase-auth:22.3.1] AndroidManifest.xml:69:13-71:85
119                android:name="com.google.firebase.components:com.google.firebase.auth.FirebaseAuthRegistrar"
119-->[com.google.firebase:firebase-auth:22.3.1] AndroidManifest.xml:70:17-109
120                android:value="com.google.firebase.components.ComponentRegistrar" />
120-->[com.google.firebase:firebase-auth:22.3.1] AndroidManifest.xml:71:17-82
121            <meta-data
121-->[com.google.firebase:firebase-firestore:24.11.0] AndroidManifest.xml:17:13-19:85
122                android:name="com.google.firebase.components:com.google.firebase.firestore.FirebaseFirestoreKtxRegistrar"
122-->[com.google.firebase:firebase-firestore:24.11.0] AndroidManifest.xml:18:17-122
123                android:value="com.google.firebase.components.ComponentRegistrar" />
123-->[com.google.firebase:firebase-firestore:24.11.0] AndroidManifest.xml:19:17-82
124            <meta-data
124-->[com.google.firebase:firebase-firestore:24.11.0] AndroidManifest.xml:20:13-22:85
125                android:name="com.google.firebase.components:com.google.firebase.firestore.FirestoreRegistrar"
125-->[com.google.firebase:firebase-firestore:24.11.0] AndroidManifest.xml:21:17-111
126                android:value="com.google.firebase.components.ComponentRegistrar" />
126-->[com.google.firebase:firebase-firestore:24.11.0] AndroidManifest.xml:22:17-82
127            <meta-data
127-->[com.google.firebase:firebase-dynamic-links:21.2.0] AndroidManifest.xml:24:13-26:85
128                android:name="com.google.firebase.components:com.google.firebase.dynamiclinks.FirebaseDynamicLinksKtxRegistrar"
128-->[com.google.firebase:firebase-dynamic-links:21.2.0] AndroidManifest.xml:25:17-128
129                android:value="com.google.firebase.components.ComponentRegistrar" />
129-->[com.google.firebase:firebase-dynamic-links:21.2.0] AndroidManifest.xml:26:17-82
130            <meta-data
130-->[com.google.firebase:firebase-dynamic-links:21.2.0] AndroidManifest.xml:27:13-29:85
131                android:name="com.google.firebase.components:com.google.firebase.dynamiclinks.internal.FirebaseDynamicLinkRegistrar"
131-->[com.google.firebase:firebase-dynamic-links:21.2.0] AndroidManifest.xml:28:17-133
132                android:value="com.google.firebase.components.ComponentRegistrar" />
132-->[com.google.firebase:firebase-dynamic-links:21.2.0] AndroidManifest.xml:29:17-82
133            <meta-data
133-->[com.google.firebase:firebase-storage:20.3.0] AndroidManifest.xml:30:13-32:85
134                android:name="com.google.firebase.components:com.google.firebase.storage.FirebaseStorageKtxRegistrar"
134-->[com.google.firebase:firebase-storage:20.3.0] AndroidManifest.xml:31:17-118
135                android:value="com.google.firebase.components.ComponentRegistrar" />
135-->[com.google.firebase:firebase-storage:20.3.0] AndroidManifest.xml:32:17-82
136            <meta-data
136-->[com.google.firebase:firebase-storage:20.3.0] AndroidManifest.xml:33:13-35:85
137                android:name="com.google.firebase.components:com.google.firebase.storage.StorageRegistrar"
137-->[com.google.firebase:firebase-storage:20.3.0] AndroidManifest.xml:34:17-107
138                android:value="com.google.firebase.components.ComponentRegistrar" />
138-->[com.google.firebase:firebase-storage:20.3.0] AndroidManifest.xml:35:17-82
139            <meta-data
139-->[com.google.firebase:firebase-appcheck:17.1.2] AndroidManifest.xml:25:13-27:85
140                android:name="com.google.firebase.components:com.google.firebase.appcheck.FirebaseAppCheckKtxRegistrar"
140-->[com.google.firebase:firebase-appcheck:17.1.2] AndroidManifest.xml:26:17-120
141                android:value="com.google.firebase.components.ComponentRegistrar" />
141-->[com.google.firebase:firebase-appcheck:17.1.2] AndroidManifest.xml:27:17-82
142            <meta-data
142-->[com.google.firebase:firebase-appcheck:17.1.2] AndroidManifest.xml:28:13-30:85
143                android:name="com.google.firebase.components:com.google.firebase.appcheck.FirebaseAppCheckRegistrar"
143-->[com.google.firebase:firebase-appcheck:17.1.2] AndroidManifest.xml:29:17-117
144                android:value="com.google.firebase.components.ComponentRegistrar" />
144-->[com.google.firebase:firebase-appcheck:17.1.2] AndroidManifest.xml:30:17-82
145            <meta-data
145-->[com.google.firebase:firebase-common-ktx:20.4.3] AndroidManifest.xml:12:13-14:85
146                android:name="com.google.firebase.components:com.google.firebase.ktx.FirebaseCommonLegacyRegistrar"
146-->[com.google.firebase:firebase-common-ktx:20.4.3] AndroidManifest.xml:13:17-116
147                android:value="com.google.firebase.components.ComponentRegistrar" />
147-->[com.google.firebase:firebase-common-ktx:20.4.3] AndroidManifest.xml:14:17-82
148            <meta-data
148-->[com.google.firebase:firebase-common:20.4.3] AndroidManifest.xml:35:13-37:85
149                android:name="com.google.firebase.components:com.google.firebase.FirebaseCommonKtxRegistrar"
149-->[com.google.firebase:firebase-common:20.4.3] AndroidManifest.xml:36:17-109
150                android:value="com.google.firebase.components.ComponentRegistrar" />
150-->[com.google.firebase:firebase-common:20.4.3] AndroidManifest.xml:37:17-82
151        </service>
152
153        <provider
153-->[:image_picker_android] AndroidManifest.xml:9:9-17:20
154            android:name="io.flutter.plugins.imagepicker.ImagePickerFileProvider"
154-->[:image_picker_android] AndroidManifest.xml:10:13-82
155            android:authorities="farmerconnect.appixia.co.zw.farmer_connect.flutter.image_provider"
155-->[:image_picker_android] AndroidManifest.xml:11:13-74
156            android:exported="false"
156-->[:image_picker_android] AndroidManifest.xml:12:13-37
157            android:grantUriPermissions="true" >
157-->[:image_picker_android] AndroidManifest.xml:13:13-47
158            <meta-data
158-->[:image_picker_android] AndroidManifest.xml:14:13-16:75
159                android:name="android.support.FILE_PROVIDER_PATHS"
159-->[:image_picker_android] AndroidManifest.xml:15:17-67
160                android:resource="@xml/flutter_image_picker_file_paths" />
160-->[:image_picker_android] AndroidManifest.xml:16:17-72
161        </provider> <!-- Trigger Google Play services to install the backported photo picker module. -->
162        <service
162-->[:image_picker_android] AndroidManifest.xml:19:9-31:19
163            android:name="com.google.android.gms.metadata.ModuleDependencies"
163-->[:image_picker_android] AndroidManifest.xml:20:13-78
164            android:enabled="false"
164-->[:image_picker_android] AndroidManifest.xml:21:13-36
165            android:exported="false" >
165-->[:image_picker_android] AndroidManifest.xml:22:13-37
166            <intent-filter>
166-->[:image_picker_android] AndroidManifest.xml:24:13-26:29
167                <action android:name="com.google.android.gms.metadata.MODULE_DEPENDENCIES" />
167-->[:image_picker_android] AndroidManifest.xml:25:17-94
167-->[:image_picker_android] AndroidManifest.xml:25:25-91
168            </intent-filter>
169
170            <meta-data
170-->[:image_picker_android] AndroidManifest.xml:28:13-30:36
171                android:name="photopicker_activity:0:required"
171-->[:image_picker_android] AndroidManifest.xml:29:17-63
172                android:value="" />
172-->[:image_picker_android] AndroidManifest.xml:30:17-33
173        </service>
174
175        <activity
175-->[:url_launcher_android] AndroidManifest.xml:8:9-11:74
176            android:name="io.flutter.plugins.urllauncher.WebViewActivity"
176-->[:url_launcher_android] AndroidManifest.xml:9:13-74
177            android:exported="false"
177-->[:url_launcher_android] AndroidManifest.xml:10:13-37
178            android:theme="@android:style/Theme.NoTitleBar.Fullscreen" /> <!-- Needs to be explicitly declared on P+ -->
178-->[:url_launcher_android] AndroidManifest.xml:11:13-71
179        <uses-library
179-->[com.google.android.gms:play-services-maps:18.2.0] AndroidManifest.xml:39:9-41:40
180            android:name="org.apache.http.legacy"
180-->[com.google.android.gms:play-services-maps:18.2.0] AndroidManifest.xml:40:13-50
181            android:required="false" />
181-->[com.google.android.gms:play-services-maps:18.2.0] AndroidManifest.xml:41:13-37
182
183        <activity
183-->[com.google.firebase:firebase-auth:22.3.1] AndroidManifest.xml:29:9-46:20
184            android:name="com.google.firebase.auth.internal.GenericIdpActivity"
184-->[com.google.firebase:firebase-auth:22.3.1] AndroidManifest.xml:30:13-80
185            android:excludeFromRecents="true"
185-->[com.google.firebase:firebase-auth:22.3.1] AndroidManifest.xml:31:13-46
186            android:exported="true"
186-->[com.google.firebase:firebase-auth:22.3.1] AndroidManifest.xml:32:13-36
187            android:launchMode="singleTask"
187-->[com.google.firebase:firebase-auth:22.3.1] AndroidManifest.xml:33:13-44
188            android:theme="@android:style/Theme.Translucent.NoTitleBar" >
188-->[com.google.firebase:firebase-auth:22.3.1] AndroidManifest.xml:34:13-72
189            <intent-filter>
189-->[com.google.firebase:firebase-auth:22.3.1] AndroidManifest.xml:35:13-45:29
190                <action android:name="android.intent.action.VIEW" />
190-->[com.google.firebase:firebase-auth:22.3.1] AndroidManifest.xml:36:17-69
190-->[com.google.firebase:firebase-auth:22.3.1] AndroidManifest.xml:36:25-66
191
192                <category android:name="android.intent.category.DEFAULT" />
192-->[com.google.firebase:firebase-auth:22.3.1] AndroidManifest.xml:38:17-76
192-->[com.google.firebase:firebase-auth:22.3.1] AndroidManifest.xml:38:27-73
193                <category android:name="android.intent.category.BROWSABLE" />
193-->[com.google.firebase:firebase-auth:22.3.1] AndroidManifest.xml:39:17-78
193-->[com.google.firebase:firebase-auth:22.3.1] AndroidManifest.xml:39:27-75
194
195                <data
195-->src\main\AndroidManifest.xml:47:13-50
196                    android:host="firebase.auth"
197                    android:path="/"
198                    android:scheme="genericidp" />
199            </intent-filter>
200        </activity>
201        <activity
201-->[com.google.firebase:firebase-auth:22.3.1] AndroidManifest.xml:47:9-64:20
202            android:name="com.google.firebase.auth.internal.RecaptchaActivity"
202-->[com.google.firebase:firebase-auth:22.3.1] AndroidManifest.xml:48:13-79
203            android:excludeFromRecents="true"
203-->[com.google.firebase:firebase-auth:22.3.1] AndroidManifest.xml:49:13-46
204            android:exported="true"
204-->[com.google.firebase:firebase-auth:22.3.1] AndroidManifest.xml:50:13-36
205            android:launchMode="singleTask"
205-->[com.google.firebase:firebase-auth:22.3.1] AndroidManifest.xml:51:13-44
206            android:theme="@android:style/Theme.Translucent.NoTitleBar" >
206-->[com.google.firebase:firebase-auth:22.3.1] AndroidManifest.xml:52:13-72
207            <intent-filter>
207-->[com.google.firebase:firebase-auth:22.3.1] AndroidManifest.xml:53:13-63:29
208                <action android:name="android.intent.action.VIEW" />
208-->[com.google.firebase:firebase-auth:22.3.1] AndroidManifest.xml:36:17-69
208-->[com.google.firebase:firebase-auth:22.3.1] AndroidManifest.xml:36:25-66
209
210                <category android:name="android.intent.category.DEFAULT" />
210-->[com.google.firebase:firebase-auth:22.3.1] AndroidManifest.xml:38:17-76
210-->[com.google.firebase:firebase-auth:22.3.1] AndroidManifest.xml:38:27-73
211                <category android:name="android.intent.category.BROWSABLE" />
211-->[com.google.firebase:firebase-auth:22.3.1] AndroidManifest.xml:39:17-78
211-->[com.google.firebase:firebase-auth:22.3.1] AndroidManifest.xml:39:27-75
212
213                <data
213-->src\main\AndroidManifest.xml:47:13-50
214                    android:host="firebase.auth"
215                    android:path="/"
216                    android:scheme="recaptcha" />
217            </intent-filter>
218        </activity>
219        <activity
219-->[com.google.android.gms:play-services-base:18.3.0] AndroidManifest.xml:20:9-22:45
220            android:name="com.google.android.gms.common.api.GoogleApiActivity"
220-->[com.google.android.gms:play-services-base:18.3.0] AndroidManifest.xml:20:19-85
221            android:exported="false"
221-->[com.google.android.gms:play-services-base:18.3.0] AndroidManifest.xml:22:19-43
222            android:theme="@android:style/Theme.Translucent.NoTitleBar" />
222-->[com.google.android.gms:play-services-base:18.3.0] AndroidManifest.xml:21:19-78
223
224        <provider
224-->[com.google.firebase:firebase-common:20.4.3] AndroidManifest.xml:23:9-28:39
225            android:name="com.google.firebase.provider.FirebaseInitProvider"
225-->[com.google.firebase:firebase-common:20.4.3] AndroidManifest.xml:24:13-77
226            android:authorities="farmerconnect.appixia.co.zw.farmer_connect.firebaseinitprovider"
226-->[com.google.firebase:firebase-common:20.4.3] AndroidManifest.xml:25:13-72
227            android:directBootAware="true"
227-->[com.google.firebase:firebase-common:20.4.3] AndroidManifest.xml:26:13-43
228            android:exported="false"
228-->[com.google.firebase:firebase-common:20.4.3] AndroidManifest.xml:27:13-37
229            android:initOrder="100" />
229-->[com.google.firebase:firebase-common:20.4.3] AndroidManifest.xml:28:13-36
230
231        <uses-library
231-->[androidx.window:window:1.2.0] AndroidManifest.xml:23:9-25:40
232            android:name="androidx.window.extensions"
232-->[androidx.window:window:1.2.0] AndroidManifest.xml:24:13-54
233            android:required="false" />
233-->[androidx.window:window:1.2.0] AndroidManifest.xml:25:13-37
234        <uses-library
234-->[androidx.window:window:1.2.0] AndroidManifest.xml:26:9-28:40
235            android:name="androidx.window.sidecar"
235-->[androidx.window:window:1.2.0] AndroidManifest.xml:27:13-51
236            android:required="false" />
236-->[androidx.window:window:1.2.0] AndroidManifest.xml:28:13-37
237
238        <meta-data
238-->[com.google.android.gms:play-services-basement:18.3.0] AndroidManifest.xml:21:9-23:69
239            android:name="com.google.android.gms.version"
239-->[com.google.android.gms:play-services-basement:18.3.0] AndroidManifest.xml:22:13-58
240            android:value="@integer/google_play_services_version" />
240-->[com.google.android.gms:play-services-basement:18.3.0] AndroidManifest.xml:23:13-66
241
242        <provider
242-->[androidx.lifecycle:lifecycle-process:2.7.0] AndroidManifest.xml:24:9-32:20
243            android:name="androidx.startup.InitializationProvider"
243-->[androidx.lifecycle:lifecycle-process:2.7.0] AndroidManifest.xml:25:13-67
244            android:authorities="farmerconnect.appixia.co.zw.farmer_connect.androidx-startup"
244-->[androidx.lifecycle:lifecycle-process:2.7.0] AndroidManifest.xml:26:13-68
245            android:exported="false" >
245-->[androidx.lifecycle:lifecycle-process:2.7.0] AndroidManifest.xml:27:13-37
246            <meta-data
246-->[androidx.lifecycle:lifecycle-process:2.7.0] AndroidManifest.xml:29:13-31:52
247                android:name="androidx.lifecycle.ProcessLifecycleInitializer"
247-->[androidx.lifecycle:lifecycle-process:2.7.0] AndroidManifest.xml:30:17-78
248                android:value="androidx.startup" />
248-->[androidx.lifecycle:lifecycle-process:2.7.0] AndroidManifest.xml:31:17-49
249            <meta-data
249-->[androidx.profileinstaller:profileinstaller:1.3.1] AndroidManifest.xml:29:13-31:52
250                android:name="androidx.profileinstaller.ProfileInstallerInitializer"
250-->[androidx.profileinstaller:profileinstaller:1.3.1] AndroidManifest.xml:30:17-85
251                android:value="androidx.startup" />
251-->[androidx.profileinstaller:profileinstaller:1.3.1] AndroidManifest.xml:31:17-49
252        </provider>
253
254        <receiver
254-->[androidx.profileinstaller:profileinstaller:1.3.1] AndroidManifest.xml:34:9-52:20
255            android:name="androidx.profileinstaller.ProfileInstallReceiver"
255-->[androidx.profileinstaller:profileinstaller:1.3.1] AndroidManifest.xml:35:13-76
256            android:directBootAware="false"
256-->[androidx.profileinstaller:profileinstaller:1.3.1] AndroidManifest.xml:36:13-44
257            android:enabled="true"
257-->[androidx.profileinstaller:profileinstaller:1.3.1] AndroidManifest.xml:37:13-35
258            android:exported="true"
258-->[androidx.profileinstaller:profileinstaller:1.3.1] AndroidManifest.xml:38:13-36
259            android:permission="android.permission.DUMP" >
259-->[androidx.profileinstaller:profileinstaller:1.3.1] AndroidManifest.xml:39:13-57
260            <intent-filter>
260-->[androidx.profileinstaller:profileinstaller:1.3.1] AndroidManifest.xml:40:13-42:29
261                <action android:name="androidx.profileinstaller.action.INSTALL_PROFILE" />
261-->[androidx.profileinstaller:profileinstaller:1.3.1] AndroidManifest.xml:41:17-91
261-->[androidx.profileinstaller:profileinstaller:1.3.1] AndroidManifest.xml:41:25-88
262            </intent-filter>
263            <intent-filter>
263-->[androidx.profileinstaller:profileinstaller:1.3.1] AndroidManifest.xml:43:13-45:29
264                <action android:name="androidx.profileinstaller.action.SKIP_FILE" />
264-->[androidx.profileinstaller:profileinstaller:1.3.1] AndroidManifest.xml:44:17-85
264-->[androidx.profileinstaller:profileinstaller:1.3.1] AndroidManifest.xml:44:25-82
265            </intent-filter>
266            <intent-filter>
266-->[androidx.profileinstaller:profileinstaller:1.3.1] AndroidManifest.xml:46:13-48:29
267                <action android:name="androidx.profileinstaller.action.SAVE_PROFILE" />
267-->[androidx.profileinstaller:profileinstaller:1.3.1] AndroidManifest.xml:47:17-88
267-->[androidx.profileinstaller:profileinstaller:1.3.1] AndroidManifest.xml:47:25-85
268            </intent-filter>
269            <intent-filter>
269-->[androidx.profileinstaller:profileinstaller:1.3.1] AndroidManifest.xml:49:13-51:29
270                <action android:name="androidx.profileinstaller.action.BENCHMARK_OPERATION" />
270-->[androidx.profileinstaller:profileinstaller:1.3.1] AndroidManifest.xml:50:17-95
270-->[androidx.profileinstaller:profileinstaller:1.3.1] AndroidManifest.xml:50:25-92
271            </intent-filter>
272        </receiver>
273    </application>
274
275</manifest>